<?xml version="1.0" encoding="UTF-8"?>
<!-- Generated by org.testng.reporters.JUnitReportReporter -->
<testsuite hostname="DESKTOP-242UEBJ" failures="0" tests="1" name="SeleniumTestLearn.SeleniumTestLearn.HomePageTest" time="0.090" errors="0" timestamp="2021-10-01T22:46:16 IST" skipped="0">
  <testcase classname="SeleniumTestLearn.SeleniumTestLearn.HomePageTest" name="testHomePageLinks" time="0.090"/>
  <system-out/>
</testsuite> <!-- SeleniumTestLearn.SeleniumTestLearn.HomePageTest -->
